<?xml version="1.0" encoding="UTF-8"?>
<testng-results skipped="0" failed="0" ignored="0" total="1" passed="1">
  <reporter-output>
  </reporter-output>
  <suite name="Default suite" duration-ms="19813" started-at="2023-01-11T04:51:09Z" finished-at="2023-01-11T04:51:29Z">
    <groups>
    </groups>
    <test name="Default test" duration-ms="19813" started-at="2023-01-11T04:51:09Z" finished-at="2023-01-11T04:51:29Z">
      <class name="test.LoginTest">
        <test-method status="PASS" signature="validUserShouldAbleToLogin()[pri:0, instance:test.LoginTest@45b9a632]" name="validUserShouldAbleToLogin" duration-ms="19800" started-at="2023-01-11T04:51:09Z" finished-at="2023-01-11T04:51:29Z">
          <reporter-output>
          </reporter-output>
        </test-method> <!-- validUserShouldAbleToLogin -->
      </class> <!-- test.LoginTest -->
    </test> <!-- Default test -->
  </suite> <!-- Default suite -->
</testng-results>
